
  .   ____          _            __ _ _
 /\\ / ___'_ __ _ _(_)_ __  __ _ \ \ \ \
( ( )\___ | '_ | '_| | '_ \/ _` | \ \ \ \
 \\/  ___)| |_)| | | | | || (_| |  ) ) ) )
  '  |____| .__|_| |_|_| |_\__, | / / / /
 =========|_|==============|___/=/_/_/_/

 :: Spring Boot ::                (v3.3.4)

2026-05-30T12:44:19.499-05:00  INFO 22908 --- [mercadolink-b2b] [           main] p.a.mercadolink.MercadolinkApplication   : Starting MercadolinkApplication v1.0.0 using Java 17.0.12 with PID 22908 (D:\mercadolink-b2b\mercadolink-b2b\target\mercadolink-b2b.jar started by fredd yog in D:\mercadolink-b2b\mercadolink-b2b)
2026-05-30T12:44:19.505-05:00 DEBUG 22908 --- [mercadolink-b2b] [           main] p.a.mercadolink.MercadolinkApplication   : Running with Spring Boot v3.3.4, Spring v6.1.13
2026-05-30T12:44:19.507-05:00  INFO 22908 --- [mercadolink-b2b] [           main] p.a.mercadolink.MercadolinkApplication   : No active profile set, falling back to 1 default profile: "default"
2026-05-30T12:44:26.563-05:00  INFO 22908 --- [mercadolink-b2b] [           main] .s.d.r.c.RepositoryConfigurationDelegate : Bootstrapping Spring Data JPA repositories in DEFAULT mode.
2026-05-30T12:44:26.906-05:00  INFO 22908 --- [mercadolink-b2b] [           main] .s.d.r.c.RepositoryConfigurationDelegate : Finished Spring Data repository scanning in 314 ms. Found 7 JPA repository interfaces.
2026-05-30T12:44:31.493-05:00  INFO 22908 --- [mercadolink-b2b] [           main] o.s.b.w.embedded.tomcat.TomcatWebServer  : Tomcat initialized with port 8080 (http)
2026-05-30T12:44:31.569-05:00  INFO 22908 --- [mercadolink-b2b] [           main] o.apache.catalina.core.StandardService   : Starting service [Tomcat]
2026-05-30T12:44:31.570-05:00  INFO 22908 --- [mercadolink-b2b] [           main] o.apache.catalina.core.StandardEngine    : Starting Servlet engine: [Apache Tomcat/10.1.30]
2026-05-30T12:44:31.797-05:00  INFO 22908 --- [mercadolink-b2b] [           main] o.a.c.c.C.[Tomcat].[localhost].[/]       : Initializing Spring embedded WebApplicationContext
2026-05-30T12:44:31.803-05:00  INFO 22908 --- [mercadolink-b2b] [           main] w.s.c.ServletWebServerApplicationContext : Root WebApplicationContext: initialization completed in 12045 ms
2026-05-30T12:44:32.362-05:00  INFO 22908 --- [mercadolink-b2b] [           main] com.zaxxer.hikari.HikariDataSource       : HikariPool-1 - Starting...
2026-05-30T12:44:37.791-05:00  INFO 22908 --- [mercadolink-b2b] [           main] com.zaxxer.hikari.pool.HikariPool        : HikariPool-1 - Added connection conn1: url=jdbc:h2:file:./data/mercadolink user=SA
2026-05-30T12:44:37.797-05:00  INFO 22908 --- [mercadolink-b2b] [           main] com.zaxxer.hikari.HikariDataSource       : HikariPool-1 - Start completed.
2026-05-30T12:44:37.824-05:00  INFO 22908 --- [mercadolink-b2b] [           main] o.s.b.a.h2.H2ConsoleAutoConfiguration    : H2 console available at '/h2-console'. Database available at 'jdbc:h2:file:./data/mercadolink'
2026-05-30T12:44:38.624-05:00 DEBUG 22908 --- [mercadolink-b2b] [           main] p.a.m.web.RequestLoggingFilter           : Filter 'requestLoggingFilter' configured for use
2026-05-30T12:44:38.625-05:00 DEBUG 22908 --- [mercadolink-b2b] [           main] p.a.mercadolink.security.JwtAuthFilter   : Filter 'jwtAuthFilter' configured for use
2026-05-30T12:44:38.633-05:00 DEBUG 22908 --- [mercadolink-b2b] [           main] p.a.mercadolink.web.AppIndexFilter       : Filter 'appIndexFilter' configured for use
2026-05-30T12:44:39.854-05:00  INFO 22908 --- [mercadolink-b2b] [           main] o.hibernate.jpa.internal.util.LogHelper  : HHH000204: Processing PersistenceUnitInfo [name: default]
2026-05-30T12:44:40.569-05:00  INFO 22908 --- [mercadolink-b2b] [           main] org.hibernate.Version                    : HHH000412: Hibernate ORM core version 6.5.3.Final
2026-05-30T12:44:40.792-05:00  INFO 22908 --- [mercadolink-b2b] [           main] o.h.c.internal.RegionFactoryInitiator    : HHH000026: Second-level cache disabled
2026-05-30T12:44:43.149-05:00  INFO 22908 --- [mercadolink-b2b] [           main] o.s.o.j.p.SpringPersistenceUnitInfo      : No LoadTimeWeaver setup: ignoring JPA class transformer
2026-05-30T12:44:48.729-05:00  INFO 22908 --- [mercadolink-b2b] [           main] o.h.e.t.j.p.i.JtaPlatformInitiator       : HHH000489: No JTA platform available (set 'hibernate.transaction.jta.platform' to enable JTA platform integration)
Hibernate: 
    alter table if exists actores 
       drop constraint if exists uk_actor_email
Hibernate: 
    alter table if exists actores 
       add constraint uk_actor_email unique (email)
Hibernate: 
    alter table if exists actores 
       drop constraint if exists uk_actor_documento
Hibernate: 
    alter table if exists actores 
       add constraint uk_actor_documento unique (documento)
Hibernate: 
    alter table if exists inventario 
       drop constraint if exists UK541n73r9q31kkg7idcderqlu0
Hibernate: 
    alter table if exists inventario 
       add constraint UK541n73r9q31kkg7idcderqlu0 unique (producto_id, puesto_id)
Hibernate: 
    alter table if exists pagos 
       drop constraint if exists uk_pago_order_id
Hibernate: 
    alter table if exists pagos 
       add constraint uk_pago_order_id unique (order_id)
Hibernate: 
    alter table if exists pedidos 
       drop constraint if exists uk_pedido_idempotency
Hibernate: 
    alter table if exists pedidos 
       add constraint uk_pedido_idempotency unique (idempotency_key)
2026-05-30T12:44:49.063-05:00  INFO 22908 --- [mercadolink-b2b] [           main] j.LocalContainerEntityManagerFactoryBean : Initialized JPA EntityManagerFactory for persistence unit 'default'
2026-05-30T12:44:53.110-05:00  INFO 22908 --- [mercadolink-b2b] [           main] o.s.d.j.r.query.QueryEnhancerFactory     : Hibernate is in classpath; If applicable, HQL parser will be used.
2026-05-30T12:44:56.055-05:00  WARN 22908 --- [mercadolink-b2b] [           main] .s.s.UserDetailsServiceAutoConfiguration : 

Using generated security password: 24c346e0-7fb8-4029-afc9-6d93c1f8d100

This generated password is for development use only. Your security configuration must be updated before running your application in production.

2026-05-30T12:44:56.083-05:00  INFO 22908 --- [mercadolink-b2b] [           main] r$InitializeUserDetailsManagerConfigurer : Global AuthenticationManager configured with UserDetailsService bean with name inMemoryUserDetailsManager
2026-05-30T12:44:56.357-05:00  INFO 22908 --- [mercadolink-b2b] [           main] o.s.b.a.w.s.WelcomePageHandlerMapping    : Adding welcome page template: index
2026-05-30T12:44:57.405-05:00  INFO 22908 --- [mercadolink-b2b] [           main] o.s.b.a.e.web.EndpointLinksResolver      : Exposing 1 endpoint beneath base path '/actuator'
2026-05-30T12:44:59.335-05:00  INFO 22908 --- [mercadolink-b2b] [           main] o.s.b.w.embedded.tomcat.TomcatWebServer  : Tomcat started on port 8080 (http) with context path '/'
2026-05-30T12:44:59.390-05:00  INFO 22908 --- [mercadolink-b2b] [           main] p.a.mercadolink.MercadolinkApplication   : Started MercadolinkApplication in 41.567 seconds (process running for 43.485)
Hibernate: 
    select
        count(*) 
    from
        actores a1_0
2026-05-30T12:44:59.764-05:00  INFO 22908 --- [mercadolink-b2b] [           main] p.a.mercadolink.config.DataInitializer   : DataInitializer: ya existen actores, no se cargan datos demo.
2026-05-30T12:45:14.415-05:00  INFO 22908 --- [mercadolink-b2b] [nio-8080-exec-1] o.a.c.c.C.[Tomcat].[localhost].[/]       : Initializing Spring DispatcherServlet 'dispatcherServlet'
2026-05-30T12:45:14.474-05:00  INFO 22908 --- [mercadolink-b2b] [nio-8080-exec-1] o.s.web.servlet.DispatcherServlet        : Initializing Servlet 'dispatcherServlet'
2026-05-30T12:45:14.478-05:00  INFO 22908 --- [mercadolink-b2b] [nio-8080-exec-1] o.s.web.servlet.DispatcherServlet        : Completed initialization in 2 ms
2026-05-30T12:45:14.493-05:00  INFO 22908 --- [mercadolink-b2b] [nio-8080-exec-1] p.a.mercadolink.web.AppIndexFilter       : NEW-LOG: AppIndexFilter request uri=/app/
2026-05-30T12:45:14.493-05:00  INFO 22908 --- [mercadolink-b2b] [nio-8080-exec-1] p.a.mercadolink.web.AppIndexFilter       : NEW-LOG: AppIndexFilter serving SPA index at /app/
2026-05-30T12:45:14.731-05:00  INFO 22908 --- [mercadolink-b2b] [nio-8080-exec-3] p.a.mercadolink.web.AppIndexFilter       : NEW-LOG: AppIndexFilter request uri=/app/static/js/main.61499e9b.js
2026-05-30T12:45:14.751-05:00  INFO 22908 --- [mercadolink-b2b] [nio-8080-exec-3] p.a.m.web.RequestLoggingFilter           : NEW-LOG: HTTP HEAD /app/static/js/main.61499e9b.js from 0:0:0:0:0:0:0:1
2026-05-30T12:45:17.916-05:00  INFO 22908 --- [mercadolink-b2b] [nio-8080-exec-5] p.a.mercadolink.web.AppIndexFilter       : NEW-LOG: AppIndexFilter request uri=/h2-console
2026-05-30T12:45:17.918-05:00  INFO 22908 --- [mercadolink-b2b] [nio-8080-exec-5] p.a.m.web.RequestLoggingFilter           : NEW-LOG: HTTP GET /h2-console from 0:0:0:0:0:0:0:1
2026-05-30T12:45:18.009-05:00  INFO 22908 --- [mercadolink-b2b] [nio-8080-exec-6] p.a.mercadolink.web.AppIndexFilter       : NEW-LOG: AppIndexFilter request uri=/h2-console/
2026-05-30T12:45:18.010-05:00  INFO 22908 --- [mercadolink-b2b] [nio-8080-exec-6] p.a.m.web.RequestLoggingFilter           : NEW-LOG: HTTP GET /h2-console/ from 0:0:0:0:0:0:0:1
2026-05-30T12:45:18.126-05:00  INFO 22908 --- [mercadolink-b2b] [nio-8080-exec-7] p.a.mercadolink.web.AppIndexFilter       : NEW-LOG: AppIndexFilter request uri=/h2-console/stylesheet.css
2026-05-30T12:45:18.129-05:00  INFO 22908 --- [mercadolink-b2b] [nio-8080-exec-7] p.a.m.web.RequestLoggingFilter           : NEW-LOG: HTTP GET /h2-console/stylesheet.css from 0:0:0:0:0:0:0:1
2026-05-30T12:45:18.220-05:00  INFO 22908 --- [mercadolink-b2b] [nio-8080-exec-8] p.a.mercadolink.web.AppIndexFilter       : NEW-LOG: AppIndexFilter request uri=/h2-console/login.jsp
2026-05-30T12:45:18.222-05:00  INFO 22908 --- [mercadolink-b2b] [nio-8080-exec-8] p.a.m.web.RequestLoggingFilter           : NEW-LOG: HTTP GET /h2-console/login.jsp from 0:0:0:0:0:0:0:1
2026-05-30T12:45:18.338-05:00  INFO 22908 --- [mercadolink-b2b] [nio-8080-exec-9] p.a.mercadolink.web.AppIndexFilter       : NEW-LOG: AppIndexFilter request uri=/h2-console/background.gif
2026-05-30T12:45:18.351-05:00  INFO 22908 --- [mercadolink-b2b] [nio-8080-exec-9] p.a.m.web.RequestLoggingFilter           : NEW-LOG: HTTP GET /h2-console/background.gif from 0:0:0:0:0:0:0:1
2026-05-30T12:45:21.481-05:00  INFO 22908 --- [mercadolink-b2b] [io-8080-exec-10] p.a.mercadolink.web.AppIndexFilter       : NEW-LOG: AppIndexFilter request uri=/h2-console/login.do
2026-05-30T12:45:21.483-05:00  INFO 22908 --- [mercadolink-b2b] [io-8080-exec-10] p.a.m.web.RequestLoggingFilter           : NEW-LOG: HTTP POST /h2-console/login.do from 0:0:0:0:0:0:0:1
2026-05-30T12:45:34.539-05:00  INFO 22908 --- [mercadolink-b2b] [nio-8080-exec-1] p.a.mercadolink.web.AppIndexFilter       : NEW-LOG: AppIndexFilter request uri=/
2026-05-30T12:45:36.904-05:00  INFO 22908 --- [mercadolink-b2b] [nio-8080-exec-2] p.a.mercadolink.web.AppIndexFilter       : NEW-LOG: AppIndexFilter request uri=/app
2026-05-30T12:45:37.013-05:00  INFO 22908 --- [mercadolink-b2b] [nio-8080-exec-2] p.a.m.web.RequestLoggingFilter           : NEW-LOG: HTTP GET /app from 0:0:0:0:0:0:0:1
2026-05-30T12:45:37.057-05:00  INFO 22908 --- [mercadolink-b2b] [nio-8080-exec-3] p.a.mercadolink.web.AppIndexFilter       : NEW-LOG: AppIndexFilter request uri=/app/
2026-05-30T12:45:37.058-05:00  INFO 22908 --- [mercadolink-b2b] [nio-8080-exec-3] p.a.mercadolink.web.AppIndexFilter       : NEW-LOG: AppIndexFilter serving SPA index at /app/
2026-05-30T12:45:37.094-05:00  INFO 22908 --- [mercadolink-b2b] [nio-8080-exec-4] p.a.mercadolink.web.AppIndexFilter       : NEW-LOG: AppIndexFilter request uri=/app/static/css/main.9c2a8da2.css
2026-05-30T12:45:37.106-05:00  INFO 22908 --- [mercadolink-b2b] [nio-8080-exec-5] p.a.mercadolink.web.AppIndexFilter       : NEW-LOG: AppIndexFilter request uri=/app/static/js/main.61499e9b.js
2026-05-30T12:45:37.112-05:00  INFO 22908 --- [mercadolink-b2b] [nio-8080-exec-5] p.a.m.web.RequestLoggingFilter           : NEW-LOG: HTTP GET /app/static/js/main.61499e9b.js from 0:0:0:0:0:0:0:1
2026-05-30T12:45:37.110-05:00  INFO 22908 --- [mercadolink-b2b] [nio-8080-exec-4] p.a.m.web.RequestLoggingFilter           : NEW-LOG: HTTP GET /app/static/css/main.9c2a8da2.css from 0:0:0:0:0:0:0:1
2026-05-30T12:45:47.309-05:00  INFO 22908 --- [mercadolink-b2b] [nio-8080-exec-6] p.a.mercadolink.web.AppIndexFilter       : NEW-LOG: AppIndexFilter request uri=/app/static/css/main.9c2a8da2.css
2026-05-30T12:45:47.311-05:00  INFO 22908 --- [mercadolink-b2b] [nio-8080-exec-6] p.a.m.web.RequestLoggingFilter           : NEW-LOG: HTTP GET /app/static/css/main.9c2a8da2.css from 0:0:0:0:0:0:0:1
2026-05-30T12:45:47.427-05:00  INFO 22908 --- [mercadolink-b2b] [nio-8080-exec-7] p.a.mercadolink.web.AppIndexFilter       : NEW-LOG: AppIndexFilter request uri=/.well-known/appspecific/com.chrome.devtools.json
2026-05-30T12:45:47.644-05:00  INFO 22908 --- [mercadolink-b2b] [nio-8080-exec-8] p.a.mercadolink.web.AppIndexFilter       : NEW-LOG: AppIndexFilter request uri=/app/static/css/main.9c2a8da2.css.map
2026-05-30T12:45:47.657-05:00  INFO 22908 --- [mercadolink-b2b] [nio-8080-exec-8] p.a.m.web.RequestLoggingFilter           : NEW-LOG: HTTP GET /app/static/css/main.9c2a8da2.css.map from 0:0:0:0:0:0:0:1
2026-05-30T12:45:47.769-05:00  INFO 22908 --- [mercadolink-b2b] [nio-8080-exec-9] p.a.mercadolink.web.AppIndexFilter       : NEW-LOG: AppIndexFilter request uri=/app/static/js/main.61499e9b.js.map
2026-05-30T12:45:47.782-05:00  INFO 22908 --- [mercadolink-b2b] [nio-8080-exec-9] p.a.m.web.RequestLoggingFilter           : NEW-LOG: HTTP GET /app/static/js/main.61499e9b.js.map from 0:0:0:0:0:0:0:1
